Copyright 1986-2022 Xilinx, Inc. All Rights Reserved. Copyright 2022-2023 Advanced Micro Devices, Inc. All Rights Reserved.
---------------------------------------------------------------------------------------------------------------------------------------------
| Tool Version : Vivado v.2023.2 (win64) Build 4029153 Fri Oct 13 20:14:34 MDT 2023
| Date         : Wed Jan 29 04:35:09 2025
| Host         : DESKTOP-UDGHVC5 running 64-bit major release  (build 9200)
| Command      : report_qor_suggestions -file Top_rqs_routed.rpt
| Design       : Top
| Device       : xc7a100t
| Design State : Routed
| ML Models    : v2021.2.0
---------------------------------------------------------------------------------------------------------------------------------------------

Report QoR Suggestions

Table of Contents
-----------------
1. QoR Suggestions Report Summary
2. ML Strategies

1. QoR Suggestions Report Summary
---------------------------------

+------+----+--------+--------------+----------------+-----------+-------+----------------------+------------------------------------------------------------------------------------------+--------+
| Name | Id | Status | Generated At | Applicable For | Automatic | Scope | Incremental Friendly |                                        Description                                       | Source |
+------+----+--------+--------------+----------------+-----------+-------+----------------------+------------------------------------------------------------------------------------------+--------+
* No QoR suggestions are provided when the fully routed design is assessed to easily meet timing.


2. ML Strategies
----------------

+---+----+---------+---------+
| # | Id | Command | Options |
+---+----+---------+---------+
* ML Strategies are not generated as the design meets setup timing


