#-----------------------------------------------------------
# Vivado v2019.1 (64-bit)
# SW Build 2552052 on Fri May 24 14:49:42 MDT 2019
# IP Build 2548770 on Fri May 24 18:01:18 MDT 2019
# Start of session at: Wed Jan 29 14:24:34 2025
# Process ID: 2036
# Current directory: C:/Users/student/Desktop/414865/ZegarSzachowy-main/ZegarSzachowy/synthesis
# Command line: vivado.exe -mode batch -log vivado.log -journal transcript.log -source C:/Users/student/Desktop/414865/ZegarSzachowy-main/ZegarSzachowy/synthesis/run_vivado.tcl
# Log file: C:/Users/student/Desktop/414865/ZegarSzachowy-main/ZegarSzachowy/synthesis/vivado.log
# Journal file: C:/Users/student/Desktop/414865/ZegarSzachowy-main/ZegarSzachowy/synthesis\transcript.log
#-----------------------------------------------------------
source C:/Users/student/Desktop/414865/ZegarSzachowy-main/ZegarSzachowy/synthesis/run_vivado.tcl
# create_project -force Top {C:\Users\student\Desktop\414865\ZegarSzachowy-main\ZegarSzachowy\synthesis} -part 7a100tcsg324-1
# add_files -norecurse {C:/Users/student/Desktop/414865/ZegarSzachowy-main/ZegarSzachowy/src/Switch.v}
# add_files -norecurse {C:/Users/student/Desktop/414865/ZegarSzachowy-main/ZegarSzachowy/src/Counter.v}
# add_files -norecurse {C:/Users/student/Desktop/414865/ZegarSzachowy-main/ZegarSzachowy/src/Prescaler.v}
# add_files -norecurse {C:/Users/student/Desktop/414865/ZegarSzachowy-main/ZegarSzachowy/src/Decoder.v}
# add_files -norecurse {C:/Users/student/Desktop/414865/ZegarSzachowy-main/ZegarSzachowy/src/Overflow_Handler.v}
# add_files -norecurse {C:/Users/student/Desktop/414865/ZegarSzachowy-main/ZegarSzachowy/src/Timer_Setter.v}
# add_files -norecurse {C:/Users/student/Desktop/414865/ZegarSzachowy-main/ZegarSzachowy/src/Seven_seg_driver.v}
# add_files -norecurse {C:/Users/student/Desktop/414865/ZegarSzachowy-main/ZegarSzachowy/src/Second_counter.v}
# add_files -norecurse {C:/Users/student/Desktop/414865/ZegarSzachowy-main/ZegarSzachowy/src/Minute_counter.v}
# add_files -norecurse {C:/Users/student/Desktop/414865/ZegarSzachowy-main/ZegarSzachowy/src/Timer_Clock.v}
# add_files -norecurse {C:/Users/student/Desktop/414865/ZegarSzachowy-main/ZegarSzachowy/compile/Top.v}
# add_files -norecurse {C:/Users/student/Desktop/414865/ZegarSzachowy-main/ZegarSzachowy/src/TestBench/Seven_seg_driver_TB.v}
# add_files -norecurse {C:/Users/student/Desktop/414865/ZegarSzachowy-main/ZegarSzachowy/src/TestBench/Overflow_Handler_TB.v}
# add_files -norecurse {C:/Users/student/Desktop/414865/ZegarSzachowy-main/ZegarSzachowy/src/TestBench/Counter_TB.v}
# add_files -norecurse {C:/Users/student/Desktop/414865/ZegarSzachowy-main/ZegarSzachowy/src/TestBench/Decoder_TB.v}
# add_files -norecurse {C:/Users/student/Desktop/414865/ZegarSzachowy-main/ZegarSzachowy/src/TestBench/Switch_TB.v}
# add_files -norecurse {C:/Users/student/Desktop/414865/ZegarSzachowy-main/ZegarSzachowy/src/TestBench/Timer_Clock_TB.v}
# add_files -norecurse {C:/Users/student/Desktop/414865/ZegarSzachowy-main/ZegarSzachowy/src/TestBench/Top_TB.v}
# add_files -norecurse {C:/Users/student/Desktop/414865/ZegarSzachowy-main/ZegarSzachowy/src/TestBench/Top_TB_tim.v}
# add_files -norecurse {C:/Users/student/Desktop/414865/ZegarSzachowy-main/ZegarSzachowy/src/TestBench/Top_TB_synth.v}
# set_property top Top [current_fileset]
# set_property XPM_LIBRARIES {XPM_CDC XPM_MEMORY} [current_project]
# synth_design -top Top -flatten_hierarchy rebuilt -gated_clock_conversion off -fsm_extraction auto -bufg 12 -fanout_limit 10000 -shreg_min_size 3 -max_bram -1 -max_uram -1 -max_dsp -1 -max_bram_cascade_height -1 -max_uram_cascade_height -1 -cascade_dsp auto -directive default -resource_sharing auto -control_set_opt_threshold auto
Command: synth_design -top Top -flatten_hierarchy rebuilt -gated_clock_conversion off -fsm_extraction auto -bufg 12 -fanout_limit 10000 -shreg_min_size 3 -max_bram -1 -max_uram -1 -max_dsp -1 -max_bram_cascade_height -1 -max_uram_cascade_height -1 -cascade_dsp auto -directive default -resource_sharing auto -control_set_opt_threshold auto
Starting synth_design
Using part: xc7a100tcsg324-1
Attempting to get a license for feature 'Synthesis' and/or device 'xc7a100t'
INFO: [Common 17-349] Got license for feature 'Synthesis' and/or device 'xc7a100t'
INFO: [Device 21-403] Loading part xc7a100tcsg324-1
INFO: Launching helper process for spawning children vivado processes
INFO: Helper process launched with PID 7620 
---------------------------------------------------------------------------------
Starting RTL Elaboration : Time (s): cpu = 00:00:03 ; elapsed = 00:00:03 . Memory (MB): peak = 811.738 ; gain = 177.367
---------------------------------------------------------------------------------
INFO: [Synth 8-6157] synthesizing module 'Top' [C:/Users/student/Desktop/414865/ZegarSzachowy-main/ZegarSzachowy/compile/Top.v:30]
INFO: [Synth 8-6157] synthesizing module 'Decoder' [C:/Users/student/Desktop/414865/ZegarSzachowy-main/ZegarSzachowy/src/Decoder.v:23]
INFO: [Synth 8-6155] done synthesizing module 'Decoder' (1#1) [C:/Users/student/Desktop/414865/ZegarSzachowy-main/ZegarSzachowy/src/Decoder.v:23]
INFO: [Synth 8-6157] synthesizing module 'Seven_seg_driver' [C:/Users/student/Desktop/414865/ZegarSzachowy-main/ZegarSzachowy/src/Seven_seg_driver.v:25]
INFO: [Synth 8-155] case statement is not full and has no default [C:/Users/student/Desktop/414865/ZegarSzachowy-main/ZegarSzachowy/src/Seven_seg_driver.v:56]
INFO: [Synth 8-6155] done synthesizing module 'Seven_seg_driver' (2#1) [C:/Users/student/Desktop/414865/ZegarSzachowy-main/ZegarSzachowy/src/Seven_seg_driver.v:25]
INFO: [Synth 8-6157] synthesizing module 'Timer_Setter' [C:/Users/student/Desktop/414865/ZegarSzachowy-main/ZegarSzachowy/src/Timer_Setter.v:27]
INFO: [Synth 8-6155] done synthesizing module 'Timer_Setter' (3#1) [C:/Users/student/Desktop/414865/ZegarSzachowy-main/ZegarSzachowy/src/Timer_Setter.v:27]
INFO: [Synth 8-6157] synthesizing module 'Overflow_Handler' [C:/Users/student/Desktop/414865/ZegarSzachowy-main/ZegarSzachowy/src/Overflow_Handler.v:27]
ERROR: [Synth 8-91] ambiguous clock in event control [C:/Users/student/Desktop/414865/ZegarSzachowy-main/ZegarSzachowy/src/Overflow_Handler.v:42]
ERROR: [Synth 8-6156] failed synthesizing module 'Overflow_Handler' [C:/Users/student/Desktop/414865/ZegarSzachowy-main/ZegarSzachowy/src/Overflow_Handler.v:27]
ERROR: [Synth 8-6156] failed synthesizing module 'Top' [C:/Users/student/Desktop/414865/ZegarSzachowy-main/ZegarSzachowy/compile/Top.v:30]
---------------------------------------------------------------------------------
Finished RTL Elaboration : Time (s): cpu = 00:00:04 ; elapsed = 00:00:04 . Memory (MB): peak = 878.379 ; gain = 244.008
---------------------------------------------------------------------------------
RTL Elaboration failed
INFO: [Common 17-83] Releasing license: Synthesis
12 Infos, 0 Warnings, 0 Critical Warnings and 4 Errors encountered.
synth_design failed
ERROR: [Common 17-69] Command failed: Synthesis failed - please see the console or run log file for details
INFO: [Common 17-206] Exiting Vivado at Wed Jan 29 14:24:49 2025...
