Copyright 1986-2022 Xilinx, Inc. All Rights Reserved. Copyright 2022-2023 Advanced Micro Devices, Inc. All Rights Reserved.
---------------------------------------------------------------------------------------------------------------------------------------------
| Tool Version : Vivado v.2023.2 (win64) Build 4029153 Fri Oct 13 20:14:34 MDT 2023
| Date         : Mon Jan 27 20:03:32 2025
| Host         : DESKTOP-UDGHVC5 running 64-bit major release  (build 9200)
| Command      : report_qor_suggestions -file Top_rqs_placed.rpt
| Design       : Top
| Device       : xc7a100t
| Design State : Fully Placed
| ML Models    : v2020.1.0
---------------------------------------------------------------------------------------------------------------------------------------------

Report QoR Suggestions

Table of Contents
-----------------
1. QoR Suggestions Report Summary
2. ML Strategies

1. QoR Suggestions Report Summary
---------------------------------

+------+----+--------+--------------+----------------+-----------+-------+----------------------+------------------------------------------------------------------------------------------+--------+
| Name | Id | Status | Generated At | Applicable For | Automatic | Scope | Incremental Friendly |                                        Description                                       | Source |
+------+----+--------+--------------+----------------+-----------+-------+----------------------+------------------------------------------------------------------------------------------+--------+
* No Issues Found
** By default the number of failing paths is limited to 100. Use the -max_paths options to override.
*** The design checks report may change until design is completely implemented/routed


2. ML Strategies
----------------

+---+----+---------+---------+
| # | Id | Command | Options |
+---+----+---------+---------+
* ML Strategies are available only in default/explore at successfully routed design.


