Copyright 1986-2022 Xilinx, Inc. All Rights Reserved. Copyright 2022-2023 Advanced Micro Devices, Inc. All Rights Reserved.
---------------------------------------------------------------------------------------------------------------------------------------------
| Tool Version : Vivado v.2023.2 (win64) Build 4029153 Fri Oct 13 20:14:34 MDT 2023
| Date         : Mon Jan 27 09:33:18 2025
| Host         : DESKTOP-UDGHVC5 running 64-bit major release  (build 9200)
| Command      : report_control_sets -verbose -file Top_control_sets_placed.rpt
| Design       : Top
| Device       : xc7a100t
---------------------------------------------------------------------------------------------------------------------------------------------

Control Set Information

Table of Contents
-----------------
1. Summary
2. Histogram
3. Flip-Flop Distribution
4. Detailed Control Set Information

1. Summary
----------

+----------------------------------------------------------+-------+
|                          Status                          | Count |
+----------------------------------------------------------+-------+
| Total control sets                                       |    11 |
|    Minimum number of control sets                        |    11 |
|    Addition due to synthesis replication                 |     0 |
|    Addition due to physical synthesis replication        |     0 |
| Unused register locations in slices containing registers |    39 |
+----------------------------------------------------------+-------+
* Control sets can be merged at opt_design using control_set_merge or merge_equivalent_drivers
** Run report_qor_suggestions for automated merging and remapping suggestions


2. Histogram
------------

+--------------------+-------+
|       Fanout       | Count |
+--------------------+-------+
| Total control sets |    11 |
| >= 0 to < 4        |     2 |
| >= 4 to < 6        |     7 |
| >= 6 to < 8        |     0 |
| >= 8 to < 10       |     0 |
| >= 10 to < 12      |     0 |
| >= 12 to < 14      |     0 |
| >= 14 to < 16      |     1 |
| >= 16              |     1 |
+--------------------+-------+
* Control sets can be remapped at either synth_design or opt_design


3. Flip-Flop Distribution
-------------------------

+--------------+-----------------------+------------------------+-----------------+--------------+
| Clock Enable | Synchronous Set/Reset | Asynchronous Set/Reset | Total Registers | Total Slices |
+--------------+-----------------------+------------------------+-----------------+--------------+
| No           | No                    | No                     |               0 |            0 |
| No           | No                    | Yes                    |               5 |            2 |
| No           | Yes                   | No                     |               0 |            0 |
| Yes          | No                    | No                     |               0 |            0 |
| Yes          | No                    | Yes                    |             140 |           41 |
| Yes          | Yes                   | No                     |               0 |            0 |
+--------------+-----------------------+------------------------+-----------------+--------------+


4. Detailed Control Set Information
-----------------------------------

+----------------+------------------------+------------------+------------------+----------------+--------------+
|  Clock Signal  |      Enable Signal     | Set/Reset Signal | Slice Load Count | Bel Load Count | Bels / Slice |
+----------------+------------------------+------------------+------------------+----------------+--------------+
|  CLK_IBUF_BUFG | U6/r_D2_reg            | CLR_IBUF         |                1 |              3 |         3.00 |
|  CLK_IBUF_BUFG | U6/r_D6_reg            | CLR_IBUF         |                2 |              3 |         1.50 |
|  CLK_IBUF_BUFG | U6/r_D3_reg            | CLR_IBUF         |                2 |              4 |         2.00 |
|  CLK_IBUF_BUFG | U6/r_D1_reg            | CLR_IBUF         |                1 |              4 |         4.00 |
|  CLK_IBUF_BUFG | U6/r_D7_reg            | CLR_IBUF         |                2 |              4 |         2.00 |
|  CLK_IBUF_BUFG | U6/r_D8_reg            | CLR_IBUF         |                1 |              4 |         4.00 |
|  CLK_IBUF_BUFG | U6/r_D4_reg            | CLR_IBUF         |                1 |              4 |         4.00 |
|  CLK_IBUF_BUFG | U6/r_D5_reg            | CLR_IBUF         |                2 |              4 |         2.00 |
|  CLK_IBUF_BUFG |                        | CLR_IBUF         |                2 |              5 |         2.50 |
|  CLK_IBUF_BUFG | U15/seg_out[6]_i_1_n_0 | CLR_IBUF         |                7 |             15 |         2.14 |
|  CLK_IBUF_BUFG | CE_IBUF                | CLR_IBUF         |               22 |             95 |         4.32 |
+----------------+------------------------+------------------+------------------+----------------+--------------+


