#-----------------------------------------------------------
# Vivado v2023.2 (64-bit)
# SW Build 4029153 on Fri Oct 13 20:14:34 MDT 2023
# IP Build 4028589 on Sat Oct 14 00:45:43 MDT 2023
# SharedData Build 4025554 on Tue Oct 10 17:18:54 MDT 2023
# Start of session at: Mon Jan 27 09:27:13 2025
# Process ID: 22972
# Current directory: C:/Users/Kacper/Desktop/ProjektyStudia_Sem5/ProjektPSC/ZegarSzachowy/implement
# Command line: vivado.exe -mode batch -log vivado.log -journal transcript.log -source C:/Users/Kacper/Desktop/ProjektyStudia_Sem5/ProjektPSC/ZegarSzachowy/implement/run_vivado.tcl
# Log file: C:/Users/Kacper/Desktop/ProjektyStudia_Sem5/ProjektPSC/ZegarSzachowy/implement/vivado.log
# Journal file: C:/Users/Kacper/Desktop/ProjektyStudia_Sem5/ProjektPSC/ZegarSzachowy/implement\transcript.log
# Running On: DESKTOP-UDGHVC5, OS: Windows, CPU Frequency: 2496 MHz, CPU Physical cores: 6, Host memory: 34190 MB
#-----------------------------------------------------------
source C:/Users/Kacper/Desktop/ProjektyStudia_Sem5/ProjektPSC/ZegarSzachowy/implement/run_vivado.tcl
# create_project -force Top {C:\Users\Kacper\Desktop\ProjektyStudia_Sem5\ProjektPSC\ZegarSzachowy\implement} -part 7a100tcsg324-1
create_project: Time (s): cpu = 00:00:03 ; elapsed = 00:00:06 . Memory (MB): peak = 556.031 ; gain = 182.477
# set_property design_mode GateLvl [current_fileset]
INFO: [Vivado 12-3498] Setting project source management mode (property SOURCE_MGMT_MODE) to "None".
# set_property top Top [current_fileset]
# set_property XPM_LIBRARIES {XPM_CDC XPM_MEMORY} [current_project]
# set_property target_language Verilog [current_project]
# add_files -norecurse {C:\Users\Kacper\Desktop\ProjektyStudia_Sem5\ProjektPSC\ZegarSzachowy\synthesis\Top.edn}
# read_xdc {C:\Users\Kacper\Desktop\ProjektyStudia_Sem5\ProjektPSC\ZegarSzachowy\src\ZegarSzachowy.xdc}
# link_design
Command: link_design
Design is defaulting to srcset: sources_1
Design is defaulting to constrset: constrs_1
Design is defaulting to project part: xc7a100tcsg324-1
INFO: [Device 21-403] Loading part xc7a100tcsg324-1
Parsing EDIF File [C:/Users/Kacper/Desktop/ProjektyStudia_Sem5/ProjektPSC/ZegarSzachowy/synthesis/Top.edn]
Finished Parsing EDIF File [C:/Users/Kacper/Desktop/ProjektyStudia_Sem5/ProjektPSC/ZegarSzachowy/synthesis/Top.edn]
Netlist sorting complete. Time (s): cpu = 00:00:00 ; elapsed = 00:00:00.001 . Memory (MB): peak = 983.949 ; gain = 0.000
INFO: [Netlist 29-17] Analyzing 14 Unisim elements for replacement
INFO: [Netlist 29-28] Unisim Transformation completed in 0 CPU seconds
INFO: [Project 1-479] Netlist was created with Vivado 2023.2
INFO: [Project 1-570] Preparing netlist for logic optimization
Parsing XDC File [C:/Users/Kacper/Desktop/ProjektyStudia_Sem5/ProjektPSC/ZegarSzachowy/src/ZegarSzachowy.xdc]
CRITICAL WARNING: [Netlist 29-177] Cannot set property '‑dict' because the property does not exist. [C:/Users/Kacper/Desktop/ProjektyStudia_Sem5/ProjektPSC/ZegarSzachowy/src/ZegarSzachowy.xdc:2]
Resolution: Create this property using create_property command before setting it.
CRITICAL WARNING: [Common 17-165] Too many positional options when parsing 'CLK', please type 'create_clock -help' for usage info. [C:/Users/Kacper/Desktop/ProjektyStudia_Sem5/ProjektPSC/ZegarSzachowy/src/ZegarSzachowy.xdc:3]
Finished Parsing XDC File [C:/Users/Kacper/Desktop/ProjektyStudia_Sem5/ProjektPSC/ZegarSzachowy/src/ZegarSzachowy.xdc]
INFO: [Opt 31-138] Pushed 0 inverter(s) to 0 load pin(s).
Netlist sorting complete. Time (s): cpu = 00:00:00 ; elapsed = 00:00:00 . Memory (MB): peak = 1094.848 ; gain = 0.000
INFO: [Project 1-111] Unisim Transformation Summary:
No Unisim elements were transformed.

7 Infos, 0 Warnings, 2 Critical Warnings and 0 Errors encountered.
link_design completed successfully
# opt_design -verbose -directive Default
Command: opt_design -verbose -directive Default
INFO: [Vivado_Tcl 4-136] Directive used for opt_design is: Default
Attempting to get a license for feature 'Implementation' and/or device 'xc7a100t'
INFO: [Common 17-349] Got license for feature 'Implementation' and/or device 'xc7a100t'
Running DRC as a precondition to command opt_design

Starting DRC Task
INFO: [DRC 23-27] Running DRC with 2 threads
INFO: [Project 1-461] DRC finished with 0 Errors
INFO: [Project 1-462] Please refer to the DRC report (report_drc) for more information.

Time (s): cpu = 00:00:01 ; elapsed = 00:00:00.666 . Memory (MB): peak = 1124.754 ; gain = 29.906

Starting Cache Timing Information Task
INFO: [Timing 38-35] Done setting XDC timing constraints.
Ending Cache Timing Information Task | Checksum: 17b977705

Time (s): cpu = 00:00:03 ; elapsed = 00:00:06 . Memory (MB): peak = 1680.520 ; gain = 555.766

Starting Logic Optimization Task

Phase 1 Initialization

Phase 1.1 Core Generation And Design Setup
Phase 1.1 Core Generation And Design Setup | Checksum: 17b977705

Time (s): cpu = 00:00:00 ; elapsed = 00:00:00 . Memory (MB): peak = 2047.578 ; gain = 0.000

Phase 1.2 Setup Constraints And Sort Netlist
Phase 1.2 Setup Constraints And Sort Netlist | Checksum: 17b977705

Time (s): cpu = 00:00:00 ; elapsed = 00:00:00.001 . Memory (MB): peak = 2047.578 ; gain = 0.000
Phase 1 Initialization | Checksum: 17b977705

Time (s): cpu = 00:00:00 ; elapsed = 00:00:00.001 . Memory (MB): peak = 2047.578 ; gain = 0.000

Phase 2 Timer Update And Timing Data Collection

Phase 2.1 Timer Update
Phase 2.1 Timer Update | Checksum: 17b977705

Time (s): cpu = 00:00:00 ; elapsed = 00:00:00.005 . Memory (MB): peak = 2047.578 ; gain = 0.000

Phase 2.2 Timing Data Collection
Phase 2.2 Timing Data Collection | Checksum: 17b977705

Time (s): cpu = 00:00:00 ; elapsed = 00:00:00.009 . Memory (MB): peak = 2047.578 ; gain = 0.000
Phase 2 Timer Update And Timing Data Collection | Checksum: 17b977705

Time (s): cpu = 00:00:00 ; elapsed = 00:00:00.009 . Memory (MB): peak = 2047.578 ; gain = 0.000

Phase 3 Retarget
INFO: [Opt 31-442] LUT Reduction optimized 0 LUTs
INFO: [Opt 31-138] Pushed 0 inverter(s) to 0 load pin(s).
INFO: [Opt 31-49] Retargeted 0 cell(s).
Phase 3 Retarget | Checksum: 17b977705

Time (s): cpu = 00:00:00 ; elapsed = 00:00:00.015 . Memory (MB): peak = 2047.578 ; gain = 0.000
Retarget | Checksum: 17b977705
INFO: [Opt 31-389] Phase Retarget created 0 cells and removed 0 cells

Phase 4 Constant propagation
INFO: [Opt 31-442] LUT Reduction optimized 0 LUTs
INFO: [Opt 31-138] Pushed 0 inverter(s) to 0 load pin(s).
Phase 4 Constant propagation | Checksum: 17b977705

Time (s): cpu = 00:00:00 ; elapsed = 00:00:00.017 . Memory (MB): peak = 2047.578 ; gain = 0.000
Constant propagation | Checksum: 17b977705
INFO: [Opt 31-389] Phase Constant propagation created 0 cells and removed 0 cells

Phase 5 Sweep
INFO: [Opt 31-131] Removed net: U6/Divider0_carry__0_n_1
INFO: [Opt 31-131] Removed net: U6/Divider0_carry__0_n_2
INFO: [Opt 31-131] Removed net: U6/Divider0_carry__0_n_3
INFO: [Opt 31-131] Removed net: U6/Divider0_carry__1_n_1
INFO: [Opt 31-131] Removed net: U6/Divider0_carry__1_n_2
INFO: [Opt 31-131] Removed net: U6/Divider0_carry__1_n_3
INFO: [Opt 31-131] Removed net: U6/Divider0_carry__2_n_1
INFO: [Opt 31-131] Removed net: U6/Divider0_carry__2_n_2
INFO: [Opt 31-131] Removed net: U6/Divider0_carry__2_n_3
INFO: [Opt 31-131] Removed net: U6/Divider0_carry__3_n_1
INFO: [Opt 31-131] Removed net: U6/Divider0_carry__3_n_2
INFO: [Opt 31-131] Removed net: U6/Divider0_carry__3_n_3
INFO: [Opt 31-131] Removed net: U6/Divider0_carry__4_n_1
INFO: [Opt 31-131] Removed net: U6/Divider0_carry__4_n_2
INFO: [Opt 31-131] Removed net: U6/Divider0_carry__4_n_3
INFO: [Opt 31-131] Removed net: U6/Divider0_carry__5_n_3
INFO: [Opt 31-131] Removed net: U6/Divider0_carry_n_1
INFO: [Opt 31-131] Removed net: U6/Divider0_carry_n_2
INFO: [Opt 31-131] Removed net: U6/Divider0_carry_n_3
Phase 5 Sweep | Checksum: 182dd1a2d

Time (s): cpu = 00:00:00 ; elapsed = 00:00:00.020 . Memory (MB): peak = 2047.578 ; gain = 0.000
Sweep | Checksum: 182dd1a2d
INFO: [Opt 31-389] Phase Sweep created 0 cells and removed 0 cells

Phase 6 BUFG optimization
Phase 6 BUFG optimization | Checksum: 182dd1a2d

Time (s): cpu = 00:00:00 ; elapsed = 00:00:00.044 . Memory (MB): peak = 2047.578 ; gain = 0.000
BUFG optimization | Checksum: 182dd1a2d
INFO: [Opt 31-662] Phase BUFG optimization created 0 cells of which 0 are BUFGs and removed 0 cells.

Phase 7 Shift Register Optimization
INFO: [Opt 31-1064] SRL Remap converted 0 SRLs to 0 registers and converted 0 registers of register chains to 0 SRLs
Phase 7 Shift Register Optimization | Checksum: 182dd1a2d

Time (s): cpu = 00:00:00 ; elapsed = 00:00:00.044 . Memory (MB): peak = 2047.578 ; gain = 0.000
Shift Register Optimization | Checksum: 182dd1a2d
INFO: [Opt 31-389] Phase Shift Register Optimization created 0 cells and removed 0 cells

Phase 8 Post Processing Netlist
Phase 8 Post Processing Netlist | Checksum: 182dd1a2d

Time (s): cpu = 00:00:00 ; elapsed = 00:00:00.045 . Memory (MB): peak = 2047.578 ; gain = 0.000
Post Processing Netlist | Checksum: 182dd1a2d
INFO: [Opt 31-389] Phase Post Processing Netlist created 0 cells and removed 0 cells

Phase 9 Finalization

Phase 9.1 Finalizing Design Cores and Updating Shapes
Phase 9.1 Finalizing Design Cores and Updating Shapes | Checksum: 170ec6c3a

Time (s): cpu = 00:00:00 ; elapsed = 00:00:00.048 . Memory (MB): peak = 2047.578 ; gain = 0.000

Phase 9.2 Verifying Netlist Connectivity

Starting Connectivity Check Task

Time (s): cpu = 00:00:00 ; elapsed = 00:00:00.001 . Memory (MB): peak = 2047.578 ; gain = 0.000
Phase 9.2 Verifying Netlist Connectivity | Checksum: 170ec6c3a

Time (s): cpu = 00:00:00 ; elapsed = 00:00:00.049 . Memory (MB): peak = 2047.578 ; gain = 0.000
Phase 9 Finalization | Checksum: 170ec6c3a

Time (s): cpu = 00:00:00 ; elapsed = 00:00:00.049 . Memory (MB): peak = 2047.578 ; gain = 0.000
Opt_design Change Summary
=========================


-------------------------------------------------------------------------------------------------------------------------
|  Phase                        |  #Cells created  |  #Cells Removed  |  #Constrained objects preventing optimizations  |
-------------------------------------------------------------------------------------------------------------------------
|  Retarget                     |               0  |               0  |                                              0  |
|  Constant propagation         |               0  |               0  |                                              0  |
|  Sweep                        |               0  |               0  |                                              0  |
|  BUFG optimization            |               0  |               0  |                                              0  |
|  Shift Register Optimization  |               0  |               0  |                                              0  |
|  Post Processing Netlist      |               0  |               0  |                                              0  |
-------------------------------------------------------------------------------------------------------------------------


Ending Logic Optimization Task | Checksum: 170ec6c3a

Time (s): cpu = 00:00:00 ; elapsed = 00:00:00.050 . Memory (MB): peak = 2047.578 ; gain = 0.000
INFO: [Constraints 18-11670] Building netlist checker database with flags, 0x8
Done building netlist checker database: Time (s): cpu = 00:00:00 ; elapsed = 00:00:00 . Memory (MB): peak = 2047.578 ; gain = 0.000

Starting Power Optimization Task
Begin power optimizations | Checksum: 170ec6c3a
INFO: [Pwropt 34-132] Skipping clock gating for clocks with a period < 2.00 ns.
INFO: [Pwropt 34-50] Optimizing power for module Top ...
INFO: [Pwropt 34-167] No BRAM present in this design. Skipping BRAM power optimization.
End power optimizations | Checksum: 170ec6c3a
Power optimization: Time (s): cpu = 00:00:00 ; elapsed = 00:00:00.006 . Memory (MB): peak = 2047.578 ; gain = 0.000
INFO: [Pwropt 34-198] Malloced memory gain at end of power optimization: 0 bytes
Ending Power Optimization Task | Checksum: 170ec6c3a

Time (s): cpu = 00:00:00 ; elapsed = 00:00:00.006 . Memory (MB): peak = 2047.578 ; gain = 0.000

Starting Final Cleanup Task
Ending Final Cleanup Task | Checksum: 170ec6c3a

Time (s): cpu = 00:00:00 ; elapsed = 00:00:00 . Memory (MB): peak = 2047.578 ; gain = 0.000

Starting Netlist Obfuscation Task
Netlist sorting complete. Time (s): cpu = 00:00:00 ; elapsed = 00:00:00 . Memory (MB): peak = 2047.578 ; gain = 0.000
Ending Netlist Obfuscation Task | Checksum: 170ec6c3a

Time (s): cpu = 00:00:00 ; elapsed = 00:00:00 . Memory (MB): peak = 2047.578 ; gain = 0.000
INFO: [Common 17-83] Releasing license: Implementation
43 Infos, 0 Warnings, 0 Critical Warnings and 0 Errors encountered.
opt_design completed successfully
opt_design: Time (s): cpu = 00:00:05 ; elapsed = 00:00:09 . Memory (MB): peak = 2047.578 ; gain = 952.730
# write_checkpoint -force {Top_opt.dcp}
INFO: [Timing 38-480] Writing timing data to binary archive.
Write ShapeDB Complete: Time (s): cpu = 00:00:00 ; elapsed = 00:00:00.002 . Memory (MB): peak = 2047.578 ; gain = 0.000
Wrote PlaceDB: Time (s): cpu = 00:00:00 ; elapsed = 00:00:00.002 . Memory (MB): peak = 2047.578 ; gain = 0.000
Wrote PulsedLatchDB: Time (s): cpu = 00:00:00 ; elapsed = 00:00:00 . Memory (MB): peak = 2047.578 ; gain = 0.000
Writing XDEF routing.
Writing XDEF routing logical nets.
Writing XDEF routing special nets.
Wrote RouteStorage: Time (s): cpu = 00:00:00 ; elapsed = 00:00:00.017 . Memory (MB): peak = 2047.578 ; gain = 0.000
Wrote Netlist Cache: Time (s): cpu = 00:00:00 ; elapsed = 00:00:00.001 . Memory (MB): peak = 2047.578 ; gain = 0.000
Wrote Device Cache: Time (s): cpu = 00:00:00 ; elapsed = 00:00:00.005 . Memory (MB): peak = 2047.578 ; gain = 0.000
Write Physdb Complete: Time (s): cpu = 00:00:00 ; elapsed = 00:00:00.029 . Memory (MB): peak = 2047.578 ; gain = 0.000
INFO: [Common 17-1381] The checkpoint 'C:/Users/Kacper/Desktop/ProjektyStudia_Sem5/ProjektPSC/ZegarSzachowy/implement/Top_opt.dcp' has been generated.
# write_qor_suggestions -force {Top_opt.rqs}
INFO: [Implflow 47-774] No rqs file generated as no suggestions are available.
# catch { report_drc -file {Top_opted.rpt} }
Command: report_drc -file Top_opted.rpt
INFO: [IP_Flow 19-234] Refreshing IP repositories
INFO: [IP_Flow 19-1704] No user IP repositories specified
INFO: [IP_Flow 19-2313] Loaded Vivado IP repository 'C:/Xilinx/Vivado/2023.2/data/ip'.
INFO: [DRC 23-27] Running DRC with 2 threads
INFO: [Vivado_Tcl 2-168] The results of DRC are in file C:/Users/Kacper/Desktop/ProjektyStudia_Sem5/ProjektPSC/ZegarSzachowy/implement/Top_opted.rpt.
report_drc completed successfully
# catch { report_qor_suggestions -file {Top_rqs_opted.rpt} }
Command: report_qor_suggestions -file Top_rqs_opted.rpt
INFO: [Place 30-885] Complexity reporting was skipped for small modules in this design. Small modules have negligible contributions to the overall design complexity.
INFO: [Designutils 20-5453] device: MONO
Congestion Prediction Time (s): cpu = 00:00:00 ; elapsed = 00:00:00.005 . Memory (MB): peak = 2047.578 ; gain = 0.000
INFO: [Implflow 47-1309] PredResultString: 1:46.51:53.49
report_qor_suggestions completed successfully
# place_design -verbose -directive Default
Command: place_design -verbose -directive Default
Attempting to get a license for feature 'Implementation' and/or device 'xc7a100t'
INFO: [Common 17-349] Got license for feature 'Implementation' and/or device 'xc7a100t'
INFO: [Common 17-83] Releasing license: Implementation
INFO: [DRC 23-27] Running DRC with 2 threads
INFO: [Vivado_Tcl 4-198] DRC finished with 0 Errors
INFO: [Vivado_Tcl 4-199] Please refer to the DRC report (report_drc) for more information.
Running DRC as a precondition to command place_design
INFO: [DRC 23-27] Running DRC with 2 threads
INFO: [Vivado_Tcl 4-198] DRC finished with 0 Errors
INFO: [Vivado_Tcl 4-199] Please refer to the DRC report (report_drc) for more information.
INFO: [Place 46-5] The placer was invoked with the 'Default' directive.
INFO: [Place 30-611] Multithreading enabled for place_design using a maximum of 2 CPUs

Starting Placer Task

Phase 1 Placer Initialization

Phase 1.1 Placer Initialization Netlist Sorting
Netlist sorting complete. Time (s): cpu = 00:00:00 ; elapsed = 00:00:00 . Memory (MB): peak = 2067.238 ; gain = 0.000
Phase 1.1 Placer Initialization Netlist Sorting | Checksum: c0064a95

Time (s): cpu = 00:00:00 ; elapsed = 00:00:00.001 . Memory (MB): peak = 2067.238 ; gain = 0.000
Netlist sorting complete. Time (s): cpu = 00:00:00 ; elapsed = 00:00:00 . Memory (MB): peak = 2067.238 ; gain = 0.000

Phase 1.2 IO Placement/ Clock Placement/ Build Placer Device
Phase 1.2 IO Placement/ Clock Placement/ Build Placer Device | Checksum: 80a20083

Time (s): cpu = 00:00:00 ; elapsed = 00:00:00.249 . Memory (MB): peak = 2067.238 ; gain = 0.000

Phase 1.3 Build Placer Netlist Model
Phase 1.3 Build Placer Netlist Model | Checksum: 163a3004e

Time (s): cpu = 00:00:00 ; elapsed = 00:00:00.267 . Memory (MB): peak = 2067.238 ; gain = 0.000

Phase 1.4 Constrain Clocks/Macros
Phase 1.4 Constrain Clocks/Macros | Checksum: 163a3004e

Time (s): cpu = 00:00:00 ; elapsed = 00:00:00.269 . Memory (MB): peak = 2067.238 ; gain = 0.000
Phase 1 Placer Initialization | Checksum: 163a3004e

Time (s): cpu = 00:00:00 ; elapsed = 00:00:00.271 . Memory (MB): peak = 2067.238 ; gain = 0.000

Phase 2 Global Placement

Phase 2.1 Floorplanning
Phase 2.1 Floorplanning | Checksum: 163a3004e

Time (s): cpu = 00:00:00 ; elapsed = 00:00:00.273 . Memory (MB): peak = 2067.238 ; gain = 0.000

Phase 2.2 Update Timing before SLR Path Opt
Phase 2.2 Update Timing before SLR Path Opt | Checksum: 163a3004e

Time (s): cpu = 00:00:00 ; elapsed = 00:00:00.273 . Memory (MB): peak = 2067.238 ; gain = 0.000

Phase 2.3 Post-Processing in Floorplanning
Phase 2.3 Post-Processing in Floorplanning | Checksum: 163a3004e

Time (s): cpu = 00:00:00 ; elapsed = 00:00:00.273 . Memory (MB): peak = 2067.238 ; gain = 0.000

Phase 2.4 Global Placement Core
WARNING: [Place 46-29] Timing had been disabled during Placer and, therefore, physical synthesis in Placer will be skipped.
Phase 2.4 Global Placement Core | Checksum: 120c66e3e

Time (s): cpu = 00:00:01 ; elapsed = 00:00:00.708 . Memory (MB): peak = 2067.238 ; gain = 0.000
Phase 2 Global Placement | Checksum: 120c66e3e

Time (s): cpu = 00:00:01 ; elapsed = 00:00:00.710 . Memory (MB): peak = 2067.238 ; gain = 0.000

Phase 3 Detail Placement

Phase 3.1 Commit Multi Column Macros
Phase 3.1 Commit Multi Column Macros | Checksum: 120c66e3e

Time (s): cpu = 00:00:01 ; elapsed = 00:00:00.712 . Memory (MB): peak = 2067.238 ; gain = 0.000

Phase 3.2 Commit Most Macros & LUTRAMs
Phase 3.2 Commit Most Macros & LUTRAMs | Checksum: 12bb9dedf

Time (s): cpu = 00:00:01 ; elapsed = 00:00:00.716 . Memory (MB): peak = 2067.238 ; gain = 0.000

Phase 3.3 Area Swap Optimization
Phase 3.3 Area Swap Optimization | Checksum: 7cf75ab6

Time (s): cpu = 00:00:01 ; elapsed = 00:00:00.723 . Memory (MB): peak = 2067.238 ; gain = 0.000

Phase 3.4 Pipeline Register Optimization
Phase 3.4 Pipeline Register Optimization | Checksum: 7cf75ab6

Time (s): cpu = 00:00:01 ; elapsed = 00:00:00.723 . Memory (MB): peak = 2067.238 ; gain = 0.000

Phase 3.5 Small Shape Detail Placement
Phase 3.5 Small Shape Detail Placement | Checksum: 21c7fa28d

Time (s): cpu = 00:00:01 ; elapsed = 00:00:00.869 . Memory (MB): peak = 2067.238 ; gain = 0.000

Phase 3.6 Re-assign LUT pins
Phase 3.6 Re-assign LUT pins | Checksum: 21c7fa28d

Time (s): cpu = 00:00:01 ; elapsed = 00:00:00.876 . Memory (MB): peak = 2067.238 ; gain = 0.000

Phase 3.7 Pipeline Register Optimization
Phase 3.7 Pipeline Register Optimization | Checksum: 21c7fa28d

Time (s): cpu = 00:00:01 ; elapsed = 00:00:00.877 . Memory (MB): peak = 2067.238 ; gain = 0.000
Phase 3 Detail Placement | Checksum: 21c7fa28d

Time (s): cpu = 00:00:01 ; elapsed = 00:00:00.878 . Memory (MB): peak = 2067.238 ; gain = 0.000

Phase 4 Post Placement Optimization and Clean-Up

Phase 4.1 Post Commit Optimization
Phase 4.1 Post Commit Optimization | Checksum: 21c7fa28d

Time (s): cpu = 00:00:01 ; elapsed = 00:00:00.928 . Memory (MB): peak = 2067.238 ; gain = 0.000

Phase 4.2 Post Placement Cleanup
Phase 4.2 Post Placement Cleanup | Checksum: 21c7fa28d

Time (s): cpu = 00:00:01 ; elapsed = 00:00:00.931 . Memory (MB): peak = 2067.238 ; gain = 0.000

Phase 4.3 Placer Reporting

Phase 4.3.1 Print Estimated Congestion
INFO: [Place 30-612] Post-Placement Estimated Congestion 
 ____________________________________________________
|           | Global Congestion | Short Congestion  |
| Direction | Region Size       | Region Size       |
|___________|___________________|___________________|
|      North|                1x1|                1x1|
|___________|___________________|___________________|
|      South|                1x1|                1x1|
|___________|___________________|___________________|
|       East|                1x1|                1x1|
|___________|___________________|___________________|
|       West|                1x1|                1x1|
|___________|___________________|___________________|

Phase 4.3.1 Print Estimated Congestion | Checksum: 21c7fa28d

Time (s): cpu = 00:00:01 ; elapsed = 00:00:00.932 . Memory (MB): peak = 2067.238 ; gain = 0.000
Phase 4.3 Placer Reporting | Checksum: 21c7fa28d

Time (s): cpu = 00:00:01 ; elapsed = 00:00:00.933 . Memory (MB): peak = 2067.238 ; gain = 0.000

Phase 4.4 Final Placement Cleanup
Netlist sorting complete. Time (s): cpu = 00:00:00 ; elapsed = 00:00:00 . Memory (MB): peak = 2067.238 ; gain = 0.000

Time (s): cpu = 00:00:01 ; elapsed = 00:00:00.933 . Memory (MB): peak = 2067.238 ; gain = 0.000
Phase 4 Post Placement Optimization and Clean-Up | Checksum: 1b5ab8a98

Time (s): cpu = 00:00:01 ; elapsed = 00:00:00.934 . Memory (MB): peak = 2067.238 ; gain = 0.000
Ending Placer Task | Checksum: ce9b1cf2

Time (s): cpu = 00:00:01 ; elapsed = 00:00:00.935 . Memory (MB): peak = 2067.238 ; gain = 0.000
11 Infos, 1 Warnings, 0 Critical Warnings and 0 Errors encountered.
place_design completed successfully
# catch { write_pcf -force {Top.pcf} }
# write_checkpoint -force {Top_placed.dcp}
INFO: [Timing 38-480] Writing timing data to binary archive.
Write ShapeDB Complete: Time (s): cpu = 00:00:00 ; elapsed = 00:00:00.001 . Memory (MB): peak = 2067.238 ; gain = 0.000
Wrote PlaceDB: Time (s): cpu = 00:00:00 ; elapsed = 00:00:00.010 . Memory (MB): peak = 2067.238 ; gain = 0.000
Wrote PulsedLatchDB: Time (s): cpu = 00:00:00 ; elapsed = 00:00:00 . Memory (MB): peak = 2067.238 ; gain = 0.000
Writing XDEF routing.
Writing XDEF routing logical nets.
Writing XDEF routing special nets.
Wrote RouteStorage: Time (s): cpu = 00:00:00 ; elapsed = 00:00:00.012 . Memory (MB): peak = 2067.238 ; gain = 0.000
Wrote Netlist Cache: Time (s): cpu = 00:00:00 ; elapsed = 00:00:00.001 . Memory (MB): peak = 2067.238 ; gain = 0.000
Wrote Device Cache: Time (s): cpu = 00:00:00 ; elapsed = 00:00:00.006 . Memory (MB): peak = 2067.238 ; gain = 0.000
Write Physdb Complete: Time (s): cpu = 00:00:00 ; elapsed = 00:00:00.033 . Memory (MB): peak = 2067.238 ; gain = 0.000
INFO: [Common 17-1381] The checkpoint 'C:/Users/Kacper/Desktop/ProjektyStudia_Sem5/ProjektPSC/ZegarSzachowy/implement/Top_placed.dcp' has been generated.
# write_qor_suggestions -force {Top_placed.rqs}
INFO: [Implflow 47-774] No rqs file generated as no suggestions are available.
# catch { report_io -file {Top_io_placed.rpt} }
report_io: Time (s): cpu = 00:00:00 ; elapsed = 00:00:00.043 . Memory (MB): peak = 2067.238 ; gain = 0.000
# catch { report_clock_utilization -file {Top_clock_utilization_placed.rpt} }
# catch { report_utilization -file {Top_utilization_placed.rpt} }
# catch { report_control_sets -verbose -file {Top_control_sets_placed.rpt} }
report_control_sets: Time (s): cpu = 00:00:00 ; elapsed = 00:00:00.002 . Memory (MB): peak = 2067.238 ; gain = 0.000
# catch { report_timing_summary -file {Top_timing_summary_placed.rpt} }
INFO: [Timing 38-91] UpdateTimingParams: Speed grade: -1, Delay Type: min_max.
INFO: [Timing 38-191] Multithreading enabled for timing update using a maximum of 2 CPUs
# catch { report_qor_suggestions -file {Top_rqs_placed.rpt} }
Command: report_qor_suggestions -file Top_rqs_placed.rpt
report_qor_suggestions completed successfully
# power_opt_design -verbose
Command: power_opt_design -verbose
Attempting to get a license for feature 'Implementation' and/or device 'xc7a100t'
INFO: [Common 17-349] Got license for feature 'Implementation' and/or device 'xc7a100t'
Begin power optimizations | Checksum: 17f813e97
INFO: [Pwropt 34-50] Optimizing power for module Top ...
INFO: [Pwropt 34-207] Design is in post-place state. Running in post-place mode.
Pre-processing: Time (s): cpu = 00:00:00 ; elapsed = 00:00:00.005 . Memory (MB): peak = 2133.570 ; gain = 9.016
INFO: [Pwropt 34-9] Applying IDT optimizations ...
IDT: Time (s): cpu = 00:00:00 ; elapsed = 00:00:00.020 . Memory (MB): peak = 2151.480 ; gain = 17.910
INFO: [Pwropt 34-10] Applying ODC optimizations ...
INFO: [Physopt 32-619] Estimated Timing Summary | WNS=0.000 | TNS=0.000 |
PSMgr Creation: Time (s): cpu = 00:00:00 ; elapsed = 00:00:00.252 . Memory (MB): peak = 2151.562 ; gain = 27.008
WARNING: [Power 33-232] No user defined clocks were found in the design! Power estimation will be inaccurate until this is corrected.
Resolution: Please specify clocks using create_clock/create_generated_clock for sequential elements. For pure combinatorial circuits, please specify a virtual clock, otherwise the vectorless estimation might be inaccurate
Running Vector-less Activity Propagation...

Finished Running Vector-less Activity Propagation
INFO: [Pwropt 34-215] Skipped ODC enables for 0 nets in BRAM flops in bus-based analysis.
INFO: [Pwropt 34-214] Skipped ODC enables for 0 nets in BRAM address flops in bus-based analysis.
ODC: Time (s): cpu = 00:00:00 ; elapsed = 00:00:00.395 . Memory (MB): peak = 2160.766 ; gain = 9.285
Power optimization passes: Time (s): cpu = 00:00:00 ; elapsed = 00:00:00.422 . Memory (MB): peak = 2160.766 ; gain = 36.211

INFO: [Pwropt 34-77] Creating clock enable groups ...
INFO: [Pwropt 34-96] Including small groups for filtering based on enable probabilities.
 Done
Grouping enables: Time (s): cpu = 00:00:01 ; elapsed = 00:00:00.098 . Memory (MB): peak = 2160.766 ; gain = 0.000


Starting PowerOpt Patch Enables Task
INFO: [Pwropt 34-26] Patching clock gating enable signals for design Top ...
INFO: [Pwropt 34-162] WRITE_MODE attribute of 0 BRAM(s) out of a total of 0 has been updated to save power. Run report_power_opt to get a complete listing of the BRAMs updated.
INFO: [Pwropt 34-201] Structural ODC has moved 0 WE to EN ports
INFO: [Pwropt 34-100] Patcher adaptive clustering : original flop clusters 9 accepted clusters 0

Number of Slice Registers augmented: 0 newly gated: 0 Total: 145
Number of SRLs augmented: 0  newly gated: 0 Total: 0
Number of BRAM Ports augmented: 0 newly gated: 0 Total Ports: 0
Number of Flops added for Enable Generation: 0

Flops dropped: 0/0 RAMS dropped: 0/0 Clusters dropped: 0/0 Enables dropped: 0

Number of LUTs created for enable logic : 
    LUT1 : 0
    LUT2 : 0
    LUT3 : 0
    LUT4 : 0
    LUT5 : 0
    LUT6 : 0

Patching clock gating enables finished successfully.
Ending PowerOpt Patch Enables Task | Checksum: 2442af0aa

Time (s): cpu = 00:00:00 ; elapsed = 00:00:00.013 . Memory (MB): peak = 2160.766 ; gain = 0.000
INFO: [Pwropt 34-30] Power optimization finished successfully.
Netlist sorting complete. Time (s): cpu = 00:00:00 ; elapsed = 00:00:00 . Memory (MB): peak = 2160.766 ; gain = 0.000
End power optimizations | Checksum: 26167e3ba
Power optimization: Time (s): cpu = 00:00:01 ; elapsed = 00:00:00.613 . Memory (MB): peak = 2160.766 ; gain = 93.527
INFO: [Pwropt 34-198] Malloced memory gain at end of power optimization: 0 bytes

Starting Netlist Obfuscation Task
Netlist sorting complete. Time (s): cpu = 00:00:00 ; elapsed = 00:00:00 . Memory (MB): peak = 2160.766 ; gain = 0.000
Ending Netlist Obfuscation Task | Checksum: 26167e3ba

Time (s): cpu = 00:00:00 ; elapsed = 00:00:00.001 . Memory (MB): peak = 2160.766 ; gain = 0.000
INFO: [Common 17-83] Releasing license: Implementation
17 Infos, 1 Warnings, 0 Critical Warnings and 0 Errors encountered.
power_opt_design completed successfully
# write_checkpoint -force {Top_postplace_pwropt.dcp}
INFO: [Timing 38-480] Writing timing data to binary archive.
Write ShapeDB Complete: Time (s): cpu = 00:00:00 ; elapsed = 00:00:00.001 . Memory (MB): peak = 2160.766 ; gain = 0.000
Wrote PlaceDB: Time (s): cpu = 00:00:00 ; elapsed = 00:00:00.014 . Memory (MB): peak = 2160.766 ; gain = 0.000
Wrote PulsedLatchDB: Time (s): cpu = 00:00:00 ; elapsed = 00:00:00 . Memory (MB): peak = 2160.766 ; gain = 0.000
Writing XDEF routing.
Writing XDEF routing logical nets.
Writing XDEF routing special nets.
Wrote RouteStorage: Time (s): cpu = 00:00:00 ; elapsed = 00:00:00.012 . Memory (MB): peak = 2160.766 ; gain = 0.000
Wrote Netlist Cache: Time (s): cpu = 00:00:00 ; elapsed = 00:00:00 . Memory (MB): peak = 2160.766 ; gain = 0.000
Wrote Device Cache: Time (s): cpu = 00:00:00 ; elapsed = 00:00:00.004 . Memory (MB): peak = 2160.766 ; gain = 0.000
Write Physdb Complete: Time (s): cpu = 00:00:00 ; elapsed = 00:00:00.034 . Memory (MB): peak = 2160.766 ; gain = 0.000
INFO: [Common 17-1381] The checkpoint 'C:/Users/Kacper/Desktop/ProjektyStudia_Sem5/ProjektPSC/ZegarSzachowy/implement/Top_postplace_pwropt.dcp' has been generated.
# catch { report_drc -file {Top_postplace_pwropted.rpt} }
Command: report_drc -file Top_postplace_pwropted.rpt
INFO: [IP_Flow 19-1839] IP Catalog is up to date.
INFO: [DRC 23-27] Running DRC with 2 threads
INFO: [Vivado_Tcl 2-168] The results of DRC are in file C:/Users/Kacper/Desktop/ProjektyStudia_Sem5/ProjektPSC/ZegarSzachowy/implement/Top_postplace_pwropted.rpt.
report_drc completed successfully
# route_design -verbose -directive Default
Command: route_design -verbose -directive Default
Attempting to get a license for feature 'Implementation' and/or device 'xc7a100t'
INFO: [Common 17-349] Got license for feature 'Implementation' and/or device 'xc7a100t'
Running DRC as a precondition to command route_design
INFO: [DRC 23-27] Running DRC with 2 threads
INFO: [Vivado_Tcl 4-198] DRC finished with 0 Errors
INFO: [Vivado_Tcl 4-199] Please refer to the DRC report (report_drc) for more information.


Starting Routing Task
INFO: [Route 35-270] Using Router directive 'Default'.
INFO: [Route 35-254] Multithreading enabled for route_design using a maximum of 8 CPUs

Phase 1 Build RT Design
Checksum: PlaceDB: cb3a90ba ConstDB: 0 ShapeSum: e547315b RouteDB: 0
Post Restoration Checksum: NetGraph: e34d624a | NumContArr: 40d94d16 | Constraints: c2a8fa9d | Timing: c2a8fa9d
Phase 1 Build RT Design | Checksum: 2a978a49a

Time (s): cpu = 00:00:14 ; elapsed = 00:00:22 . Memory (MB): peak = 2202.059 ; gain = 41.293

Phase 2 Router Initialization
INFO: [Route 35-64] No timing constraints were detected. The router will operate in resource-optimization mode.

Phase 2.1 Fix Topology Constraints
Phase 2.1 Fix Topology Constraints | Checksum: 2a978a49a

Time (s): cpu = 00:00:14 ; elapsed = 00:00:22 . Memory (MB): peak = 2233.090 ; gain = 72.324

Phase 2.2 Pre Route Cleanup
Phase 2.2 Pre Route Cleanup | Checksum: 2a978a49a

Time (s): cpu = 00:00:14 ; elapsed = 00:00:22 . Memory (MB): peak = 2233.090 ; gain = 72.324
 Number of Nodes with overlaps = 0

Router Utilization Summary
  Global Vertical Routing Utilization    = 0 %
  Global Horizontal Routing Utilization  = 0 %
  Routable Net Status*
  *Does not include unroutable nets such as driverless and loadless.
  Run report_route_status for detailed report.
  Number of Failed Nets               = 231
    (Failed Nets is the sum of unrouted and partially routed nets)
  Number of Unrouted Nets             = 231
  Number of Partially Routed Nets     = 0
  Number of Node Overlaps             = 0

Phase 2 Router Initialization | Checksum: 1f7c64f90

Time (s): cpu = 00:00:14 ; elapsed = 00:00:22 . Memory (MB): peak = 2314.223 ; gain = 153.457

Phase 3 Initial Routing

Phase 3.1 Global Routing
Phase 3.1 Global Routing | Checksum: 1f7c64f90

Time (s): cpu = 00:00:14 ; elapsed = 00:00:22 . Memory (MB): peak = 2314.223 ; gain = 153.457

Phase 3.2 Initial Net Routing
Phase 3.2 Initial Net Routing | Checksum: 21a4dc14a

Time (s): cpu = 00:00:14 ; elapsed = 00:00:22 . Memory (MB): peak = 2314.223 ; gain = 153.457
Phase 3 Initial Routing | Checksum: 21a4dc14a

Time (s): cpu = 00:00:14 ; elapsed = 00:00:22 . Memory (MB): peak = 2314.223 ; gain = 153.457

Phase 4 Rip-up And Reroute

Phase 4.1 Global Iteration 0
 Number of Nodes with overlaps = 9
 Number of Nodes with overlaps = 1
 Number of Nodes with overlaps = 0
Phase 4.1 Global Iteration 0 | Checksum: 29aa2aa05

Time (s): cpu = 00:00:14 ; elapsed = 00:00:22 . Memory (MB): peak = 2314.223 ; gain = 153.457
Phase 4 Rip-up And Reroute | Checksum: 29aa2aa05

Time (s): cpu = 00:00:14 ; elapsed = 00:00:22 . Memory (MB): peak = 2314.223 ; gain = 153.457

Phase 5 Delay and Skew Optimization
Phase 5 Delay and Skew Optimization | Checksum: 29aa2aa05

Time (s): cpu = 00:00:14 ; elapsed = 00:00:22 . Memory (MB): peak = 2314.223 ; gain = 153.457

Phase 6 Post Hold Fix

Phase 6.1 Hold Fix Iter
Phase 6.1 Hold Fix Iter | Checksum: 29aa2aa05

Time (s): cpu = 00:00:14 ; elapsed = 00:00:22 . Memory (MB): peak = 2314.223 ; gain = 153.457
Phase 6 Post Hold Fix | Checksum: 29aa2aa05

Time (s): cpu = 00:00:14 ; elapsed = 00:00:22 . Memory (MB): peak = 2314.223 ; gain = 153.457

Phase 7 Route finalize

Router Utilization Summary
  Global Vertical Routing Utilization    = 0.0372111 %
  Global Horizontal Routing Utilization  = 0.0349531 %
  Routable Net Status*
  *Does not include unroutable nets such as driverless and loadless.
  Run report_route_status for detailed report.
  Number of Failed Nets               = 0
    (Failed Nets is the sum of unrouted and partially routed nets)
  Number of Unrouted Nets             = 0
  Number of Partially Routed Nets     = 0
  Number of Node Overlaps             = 0


--GLOBAL Congestion:
Utilization threshold used for congestion level computation: 0.85
Congestion Report
North Dir 1x1 Area, Max Cong = 18.9189%, No Congested Regions.
South Dir 1x1 Area, Max Cong = 18.9189%, No Congested Regions.
East Dir 1x1 Area, Max Cong = 22.0588%, No Congested Regions.
West Dir 1x1 Area, Max Cong = 20.5882%, No Congested Regions.

------------------------------
Reporting congestion hotspots
------------------------------
Direction: North
----------------
Congested clusters found at Level 0
Effective congestion level: 0 Aspect Ratio: 1 Sparse Ratio: 0
Direction: South
----------------
Congested clusters found at Level 0
Effective congestion level: 0 Aspect Ratio: 1 Sparse Ratio: 0
Direction: East
----------------
Congested clusters found at Level 0
Effective congestion level: 0 Aspect Ratio: 1 Sparse Ratio: 0
Direction: West
----------------
Congested clusters found at Level 0
Effective congestion level: 0 Aspect Ratio: 1 Sparse Ratio: 0

Phase 7 Route finalize | Checksum: 29aa2aa05

Time (s): cpu = 00:00:14 ; elapsed = 00:00:22 . Memory (MB): peak = 2314.223 ; gain = 153.457

Phase 8 Verifying routed nets

 Verification completed successfully
Phase 8 Verifying routed nets | Checksum: 29aa2aa05

Time (s): cpu = 00:00:14 ; elapsed = 00:00:22 . Memory (MB): peak = 2314.223 ; gain = 153.457

Phase 9 Depositing Routes
Phase 9 Depositing Routes | Checksum: 297bf0efc

Time (s): cpu = 00:00:14 ; elapsed = 00:00:22 . Memory (MB): peak = 2314.223 ; gain = 153.457
INFO: [Route 35-16] Router Completed Successfully

Phase 10 Post-Route Event Processing
Phase 10 Post-Route Event Processing | Checksum: 2895f0116

Time (s): cpu = 00:00:14 ; elapsed = 00:00:22 . Memory (MB): peak = 2314.223 ; gain = 153.457
Ending Routing Task | Checksum: 2895f0116

Time (s): cpu = 00:00:14 ; elapsed = 00:00:22 . Memory (MB): peak = 2314.223 ; gain = 153.457

Routing Is Done.
INFO: [Common 17-83] Releasing license: Implementation
9 Infos, 0 Warnings, 0 Critical Warnings and 0 Errors encountered.
route_design completed successfully
route_design: Time (s): cpu = 00:00:14 ; elapsed = 00:00:23 . Memory (MB): peak = 2314.223 ; gain = 153.457
# write_checkpoint -force {Top_routed.dcp}
INFO: [Timing 38-480] Writing timing data to binary archive.
Write ShapeDB Complete: Time (s): cpu = 00:00:00 ; elapsed = 00:00:00.002 . Memory (MB): peak = 2314.223 ; gain = 0.000
Wrote PlaceDB: Time (s): cpu = 00:00:00 ; elapsed = 00:00:00.015 . Memory (MB): peak = 2314.223 ; gain = 0.000
Wrote PulsedLatchDB: Time (s): cpu = 00:00:00 ; elapsed = 00:00:00 . Memory (MB): peak = 2314.223 ; gain = 0.000
Writing XDEF routing.
Writing XDEF routing logical nets.
Writing XDEF routing special nets.
Wrote RouteStorage: Time (s): cpu = 00:00:00 ; elapsed = 00:00:00.018 . Memory (MB): peak = 2314.223 ; gain = 0.000
Wrote Netlist Cache: Time (s): cpu = 00:00:00 ; elapsed = 00:00:00 . Memory (MB): peak = 2314.223 ; gain = 0.000
Wrote Device Cache: Time (s): cpu = 00:00:00 ; elapsed = 00:00:00.004 . Memory (MB): peak = 2314.223 ; gain = 0.000
Write Physdb Complete: Time (s): cpu = 00:00:00 ; elapsed = 00:00:00.044 . Memory (MB): peak = 2314.223 ; gain = 0.000
INFO: [Common 17-1381] The checkpoint 'C:/Users/Kacper/Desktop/ProjektyStudia_Sem5/ProjektPSC/ZegarSzachowy/implement/Top_routed.dcp' has been generated.
# write_qor_suggestions -force {Top_routed.rqs}
INFO: [Implflow 47-774] No rqs file generated as no suggestions are available.
# write_verilog -mode timesim -sdf_anno false -force {Top.v}
# write_sdf -mode timesim -force {Top.sdf}
# catch { report_drc -file {Top_drc_routed.rpt} }
Command: report_drc -file Top_drc_routed.rpt
INFO: [IP_Flow 19-1839] IP Catalog is up to date.
INFO: [DRC 23-27] Running DRC with 2 threads
INFO: [Vivado_Tcl 2-168] The results of DRC are in file C:/Users/Kacper/Desktop/ProjektyStudia_Sem5/ProjektPSC/ZegarSzachowy/implement/Top_drc_routed.rpt.
report_drc completed successfully
# catch { report_power -file {Top_power_routed.rpt} }
Command: report_power -file Top_power_routed.rpt
WARNING: [Power 33-232] No user defined clocks were found in the design! Power estimation will be inaccurate until this is corrected.
Resolution: Please specify clocks using create_clock/create_generated_clock for sequential elements. For pure combinatorial circuits, please specify a virtual clock, otherwise the vectorless estimation might be inaccurate
Running Vector-less Activity Propagation...

Finished Running Vector-less Activity Propagation
0 Infos, 1 Warnings, 0 Critical Warnings and 0 Errors encountered.
report_power completed successfully
# catch { report_route_status -file {Top_route_status_routed.rpt} }
# catch { report_timing_summary -file {Top_timing_summary_routed.rpt} }
INFO: [Timing 38-91] UpdateTimingParams: Speed grade: -1, Delay Type: min_max.
INFO: [Timing 38-191] Multithreading enabled for timing update using a maximum of 2 CPUs
# catch { report_qor_suggestions -file {Top_rqs_routed.rpt} }
Command: report_qor_suggestions -file Top_rqs_routed.rpt
featureProvider Time (s): cpu = 00:00:00 ; elapsed = 00:00:00.014 . Memory (MB): peak = 2314.223 ; gain = 0.000
INFO: [Implflow 47-1274] ML strategy prediction is not supported for 7-series devices.
report_qor_suggestions completed successfully
# write_bitstream -force -file {Top.bit}
Command: write_bitstream -force -file Top.bit
Attempting to get a license for feature 'Implementation' and/or device 'xc7a100t'
INFO: [Common 17-349] Got license for feature 'Implementation' and/or device 'xc7a100t'
Running DRC as a precondition to command write_bitstream
INFO: [IP_Flow 19-1839] IP Catalog is up to date.
INFO: [DRC 23-27] Running DRC with 2 threads
ERROR: [DRC NSTD-1] Unspecified I/O Standard: 1 out of 29 logical ports use I/O standard (IOSTANDARD) value 'DEFAULT', instead of a user assigned specific value. This may cause I/O contention or incompatibility with the board power or connectivity affecting performance, signal integrity or in extreme cases cause damage to the device or the components to which it is connected. To correct this violation, specify all I/O standards. This design will fail to generate a bitstream unless all logical ports have a user specified I/O standard value defined. To allow bitstream creation with unspecified I/O standard values (not recommended), use this command: set_property SEVERITY {Warning} [get_drc_checks NSTD-1].  NOTE: When using the Vivado Runs infrastructure (e.g. launch_runs Tcl command), add this command to a .tcl file and add that file as a pre-hook for write_bitstream step for the implementation run. Problem ports: CLK.
ERROR: [DRC UCIO-1] Unconstrained Logical Port: 1 out of 29 logical ports have no user assigned specific location constraint (LOC). This may cause I/O contention or incompatibility with the board power or connectivity affecting performance, signal integrity or in extreme cases cause damage to the device or the components to which it is connected. To correct this violation, specify all pin locations. This design will fail to generate a bitstream unless all logical ports have a user specified site LOC constraint defined.  To allow bitstream creation with unspecified pin locations (not recommended), use this command: set_property SEVERITY {Warning} [get_drc_checks UCIO-1].  NOTE: When using the Vivado Runs infrastructure (e.g. launch_runs Tcl command), add this command to a .tcl file and add that file as a pre-hook for write_bitstream step for the implementation run.  Problem ports: CLK.
WARNING: [DRC CFGBVS-1] Missing CFGBVS and CONFIG_VOLTAGE Design Properties: Neither the CFGBVS nor CONFIG_VOLTAGE voltage property is set in the current_design.  Configuration bank voltage select (CFGBVS) must be set to VCCO or GND, and CONFIG_VOLTAGE must be set to the correct configuration voltage, in order to determine the I/O voltage support for the pins in bank 0.  It is suggested to specify these either using the 'Edit Device Properties' function in the GUI or directly in the XDC file using the following syntax:

 set_property CFGBVS value1 [current_design]
 #where value1 is either VCCO or GND

 set_property CONFIG_VOLTAGE value2 [current_design]
 #where value2 is the voltage provided to configuration bank 0

Refer to the device configuration user guide for more information.
INFO: [Vivado 12-3199] DRC finished with 2 Errors, 1 Warnings
INFO: [Vivado 12-3200] Please refer to the DRC report (report_drc) for more information.
ERROR: [Vivado 12-1345] Error(s) found during DRC. Bitgen not run.
INFO: [Common 17-83] Releasing license: Implementation
6 Infos, 1 Warnings, 0 Critical Warnings and 3 Errors encountered.
write_bitstream failed
ERROR: [Common 17-39] 'write_bitstream' failed due to earlier errors.

    while executing
"write_bitstream -force -file {Top.bit}"
    (file "C:/Users/Kacper/Desktop/ProjektyStudia_Sem5/ProjektPSC/ZegarSzachowy/implement/run_vivado.tcl" line 42)
INFO: [Common 17-206] Exiting Vivado at Mon Jan 27 09:28:08 2025...
